2016-08-05 10:41:04,622 p=57487 u=jon |   [WARNING]: provided hosts list is empty, only localhost is available

2016-08-05 10:41:04,652 p=57487 u=jon |  ERROR! Unexpected Exception: global name 'AnsibleError' is not defined
2016-08-05 10:41:04,653 p=57487 u=jon |  to see the full traceback, use -vvv
2016-08-05 10:42:12,477 p=57558 u=jon |   [WARNING]: provided hosts list is empty, only localhost is available

2016-08-05 10:42:12,617 p=57558 u=jon |  PLAY [localhost] ***************************************************************
2016-08-05 10:42:12,672 p=57558 u=jon |  TASK [deploy cent7 machine] ****************************************************
2016-08-05 10:42:12,737 p=57558 u=jon |  fatal: [localhost]: FAILED! => {"failed": true, "msg": "the field 'args' has an invalid value, which appears to include a variable that is undefined. The error was: 'ec2_type' is undefined\n\nThe error appears to have been in '/Users/jon/src/sandbox/variety_pack/centos.yaml': line 1, column 3, but may\nbe elsewhere in the file depending on the exact syntax problem.\n\nThe offending line appears to be:\n\n\n- name: deploy cent7 machine\n  ^ here\n"}
2016-08-05 10:42:12,743 p=57558 u=jon |  NO MORE HOSTS LEFT *************************************************************
2016-08-05 10:42:12,743 p=57558 u=jon |  PLAY RECAP *********************************************************************
2016-08-05 10:42:12,744 p=57558 u=jon |  localhost                  : ok=0    changed=0    unreachable=0    failed=1   
2016-08-05 10:42:36,671 p=57601 u=jon |   [WARNING]: provided hosts list is empty, only localhost is available

2016-08-05 10:42:36,812 p=57601 u=jon |  PLAY [localhost] ***************************************************************
2016-08-05 10:42:36,852 p=57601 u=jon |  TASK [deploy cent7 machine] ****************************************************
2016-08-05 10:42:38,343 p=57601 u=jon |  fatal: [localhost]: FAILED! => {"changed": false, "failed": true, "msg": "The following group names are not valid: ssh"}
2016-08-05 10:42:38,349 p=57601 u=jon |  NO MORE HOSTS LEFT *************************************************************
2016-08-05 10:42:38,350 p=57601 u=jon |  PLAY RECAP *********************************************************************
2016-08-05 10:42:38,350 p=57601 u=jon |  localhost                  : ok=0    changed=0    unreachable=0    failed=1   
2016-08-05 10:44:31,450 p=57649 u=jon |   [WARNING]: provided hosts list is empty, only localhost is available

2016-08-05 10:44:31,601 p=57649 u=jon |  PLAY [localhost] ***************************************************************
2016-08-05 10:44:31,665 p=57649 u=jon |  TASK [deploy cent7 machine] ****************************************************
2016-08-05 10:44:33,983 p=57649 u=jon |  fatal: [localhost]: FAILED! => {"changed": false, "failed": true, "msg": "The following group names are not valid: ssh"}
2016-08-05 10:44:33,988 p=57649 u=jon |  NO MORE HOSTS LEFT *************************************************************
2016-08-05 10:44:33,989 p=57649 u=jon |  PLAY RECAP *********************************************************************
2016-08-05 10:44:33,989 p=57649 u=jon |  localhost                  : ok=0    changed=0    unreachable=0    failed=1   
2016-08-05 10:45:35,794 p=57748 u=jon |   [WARNING]: provided hosts list is empty, only localhost is available

2016-08-05 10:45:35,933 p=57748 u=jon |  PLAY [localhost] ***************************************************************
2016-08-05 10:45:35,976 p=57748 u=jon |  TASK [deploy cent7 machine] ****************************************************
2016-08-05 10:45:39,410 p=57748 u=jon |  changed: [localhost]
2016-08-05 10:45:39,418 p=57748 u=jon |  PLAY RECAP *********************************************************************
2016-08-05 10:45:39,418 p=57748 u=jon |  localhost                  : ok=1    changed=1    unreachable=0    failed=0   
2016-08-05 10:48:33,330 p=57806 u=jon |   [WARNING]: provided hosts list is empty, only localhost is available

2016-08-05 10:48:33,482 p=57806 u=jon |  PLAY [localhost] ***************************************************************
2016-08-05 10:48:33,546 p=57806 u=jon |  TASK [deploy cent7 machine] ****************************************************
2016-08-05 10:48:35,928 p=57806 u=jon |  changed: [localhost]
2016-08-05 10:48:35,936 p=57806 u=jon |  PLAY RECAP *********************************************************************
2016-08-05 10:48:35,936 p=57806 u=jon |  localhost                  : ok=1    changed=1    unreachable=0    failed=0   
2016-08-05 10:53:16,089 p=58149 u=jon |   [WARNING]: provided hosts list is empty, only localhost is available

2016-08-05 10:53:16,226 p=58149 u=jon |  PLAY [localhost] ***************************************************************
2016-08-05 10:53:16,281 p=58149 u=jon |  TASK [deploy cent7 machine] ****************************************************
2016-08-05 10:53:17,766 p=58149 u=jon |  fatal: [localhost]: FAILED! => {"changed": false, "failed": true, "msg": "Instance creation failed => InvalidKeyPair.NotFound: The key pair 'ssh-jon' does not exist"}
2016-08-05 10:53:17,774 p=58149 u=jon |  NO MORE HOSTS LEFT *************************************************************
2016-08-05 10:53:17,774 p=58149 u=jon |  PLAY RECAP *********************************************************************
2016-08-05 10:53:17,775 p=58149 u=jon |  localhost                  : ok=0    changed=0    unreachable=0    failed=1   
2016-08-05 10:53:55,025 p=58227 u=jon |   [WARNING]: provided hosts list is empty, only localhost is available

2016-08-05 10:53:55,199 p=58227 u=jon |  PLAY [localhost] ***************************************************************
2016-08-05 10:53:55,248 p=58227 u=jon |  TASK [deploy cent7 machine] ****************************************************
2016-08-05 10:53:58,338 p=58227 u=jon |  changed: [localhost]
2016-08-05 10:53:58,346 p=58227 u=jon |  PLAY RECAP *********************************************************************
2016-08-05 10:53:58,347 p=58227 u=jon |  localhost                  : ok=1    changed=1    unreachable=0    failed=0   
2016-08-05 11:13:43,803 p=58561 u=jon |   [WARNING]: provided hosts list is empty, only localhost is available

2016-08-05 11:13:44,006 p=58561 u=jon |  PLAY [localhost] ***************************************************************
2016-08-05 11:13:44,071 p=58561 u=jon |  TASK [deploy cent7 machine] ****************************************************
2016-08-05 11:13:46,921 p=58561 u=jon |  changed: [localhost]
2016-08-05 11:13:46,930 p=58561 u=jon |  TASK [deploy cent7 machine] ****************************************************
2016-08-05 11:13:47,950 p=58561 u=jon |  fatal: [localhost]: FAILED! => {"changed": false, "failed": true, "msg": "Instance creation failed => InvalidParameterCombination: Virtualization type 'hvm' is required for instances of type 'm4.large'. Ensure that you are using an AMI with virtualization type 'hvm'. For more information, see http://docs.aws.amazon.com/AWSEC2/latest/UserGuide/virtualization_types.html"}
2016-08-05 11:13:47,956 p=58561 u=jon |  NO MORE HOSTS LEFT *************************************************************
2016-08-05 11:13:47,956 p=58561 u=jon |  PLAY RECAP *********************************************************************
2016-08-05 11:13:47,956 p=58561 u=jon |  localhost                  : ok=1    changed=1    unreachable=0    failed=1   
